{
  message: 'premium',
  level: 'warning',
  timestamp: '2024-02-20T22:56:47.776Z'
}
{
  message: 'premium',
  level: 'warning',
  timestamp: '2024-02-20T22:58:33.482Z'
}
{
  message: 'admin',
  level: 'warning',
  timestamp: '2024-02-20T22:58:33.484Z'
}
{
  level: 'warning',
  message: 'cid',
  timestamp: '2024-02-21T04:17:01.379Z'
}
{
  level: 'warning',
  message: 'pid',
  timestamp: '2024-02-21T04:17:01.382Z'
}
{
  level: 'warning',
  message: 'email',
  timestamp: '2024-02-21T04:17:01.383Z'
}
{
  level: 'warning',
  message: 'cid',
  timestamp: '2024-02-21T04:18:15.841Z'
}
{
  message: '65d528d536aec35cf6e647b8',
  level: 'warning',
  timestamp: '2024-02-21T04:18:15.844Z'
}
{
  level: 'warning',
  message: 'pid',
  timestamp: '2024-02-21T04:18:15.844Z'
}
{
  message: '65d577c56c6836b8d5b4ad38',
  level: 'warning',
  timestamp: '2024-02-21T04:18:15.845Z'
}
{
  level: 'warning',
  message: 'email',
  timestamp: '2024-02-21T04:18:15.846Z'
}
{
  message: 'piedrabuenam21@gmail.com',
  level: 'warning',
  timestamp: '2024-02-21T04:18:15.846Z'
}
{
  level: 'warning',
  message: 'cid',
  timestamp: '2024-02-21T04:20:01.918Z'
}
{
  message: '65d528d536aec35cf6e647b8',
  level: 'warning',
  timestamp: '2024-02-21T04:20:01.921Z'
}
{
  level: 'warning',
  message: 'pid',
  timestamp: '2024-02-21T04:20:01.921Z'
}
{
  message: '65d577c56c6836b8d5b4ad38',
  level: 'warning',
  timestamp: '2024-02-21T04:20:01.922Z'
}
{
  level: 'warning',
  message: 'email',
  timestamp: '2024-02-21T04:20:01.922Z'
}
{
  message: 'piedrabuenam21@gmail.com',
  level: 'warning',
  timestamp: '2024-02-21T04:20:01.923Z'
}
{
  message: 'cid',
  level: 'warning',
  timestamp: '2024-02-21T04:21:45.611Z'
}
{
  message: '65d528d536aec35cf6e647b8',
  level: 'warning',
  timestamp: '2024-02-21T04:21:45.613Z'
}
{
  message: 'pid',
  level: 'warning',
  timestamp: '2024-02-21T04:21:45.614Z'
}
{
  message: '65d577c56c6836b8d5b4ad38',
  level: 'warning',
  timestamp: '2024-02-21T04:21:45.614Z'
}
{
  message: 'email',
  level: 'warning',
  timestamp: '2024-02-21T04:21:45.615Z'
}
{
  message: 'piedrabuenam21@gmail.com',
  level: 'warning',
  timestamp: '2024-02-21T04:21:45.615Z'
}
{
  message: 'cid',
  level: 'warning',
  timestamp: '2024-02-21T04:22:41.825Z'
}
{
  message: '65d528d536aec35cf6e647b8',
  level: 'warning',
  timestamp: '2024-02-21T04:22:41.828Z'
}
{
  message: 'pid',
  level: 'warning',
  timestamp: '2024-02-21T04:22:41.829Z'
}
{
  message: '65d577c56c6836b8d5b4ad38',
  level: 'warning',
  timestamp: '2024-02-21T04:22:41.830Z'
}
{
  message: 'email',
  level: 'warning',
  timestamp: '2024-02-21T04:22:41.830Z'
}
{
  message: 'piedrabuenam21@gmail.com',
  level: 'warning',
  timestamp: '2024-02-21T04:22:41.830Z'
}
{
  message: 'piedrabuenam21@gmail.com',
  level: 'warning',
  timestamp: '2024-02-21T04:22:42.182Z'
}
{
  message: 'cid',
  level: 'warning',
  timestamp: '2024-02-21T04:26:16.507Z'
}
{
  message: '65d528d536aec35cf6e647b8',
  level: 'warning',
  timestamp: '2024-02-21T04:26:16.509Z'
}
{
  message: 'pid',
  level: 'warning',
  timestamp: '2024-02-21T04:26:16.510Z'
}
{
  message: '65d577c56c6836b8d5b4ad38',
  level: 'warning',
  timestamp: '2024-02-21T04:26:16.510Z'
}
{
  message: 'email',
  level: 'warning',
  timestamp: '2024-02-21T04:26:16.511Z'
}
{
  message: 'piedrabuenam21@gmail.com',
  level: 'warning',
  timestamp: '2024-02-21T04:26:16.511Z'
}
{
  message: 'piedrabuenam21@gmail.com',
  level: 'warning',
  timestamp: '2024-02-21T04:26:16.856Z'
}
